<?xml version="1.0" encoding="UTF-8"?>
<!-- Generated by org.testng.reporters.JUnitXMLReporter -->
<testsuite hostname="DESKTOP-8VVR7HJ" name="Surefire test" tests="4" failures="0" timestamp="12 Mar 2024 06:33:42 GMT" time="0.062" errors="0">
  <testcase name="deleteTwitter" time="0.046" classname="princelearning.mavenjava.RestAPITest"/>
  <testcase name="postJira" time="0.0" classname="princelearning.mavenjava.RestAPITest"/>
  <testcase name="BrowserAutomation" time="0.0" classname="princelearning.mavenjava.SeleniumTest"/>
  <testcase name="elementsUI" time="0.0" classname="princelearning.mavenjava.SeleniumTest"/>
</testsuite> <!-- Surefire test -->
