<?xml version="1.0" encoding="UTF-8"?>
<!-- Generated by org.testng.reporters.JUnitXMLReporter -->
<testsuite hostname="DESKTOP-8VVR7HJ" ignored="1" name="Default test" tests="1" failures="0" timestamp="2024-03-11T15:01:31 IST" time="0.063" errors="0">
  <testcase name="elementsUI" time="0.015" classname="princelearning.mavenjava.SeleniumTest"/>
  <testcase name="BrowserAutomation" time="0.0" classname="princelearning.mavenjava.SeleniumTest">
    <ignored/>
  </testcase> <!-- BrowserAutomation -->
</testsuite> <!-- Default test -->
