<?xml version="1.0" encoding="UTF-8"?>
<testng-results skipped="0" failed="0" total="2" passed="2">
  <reporter-output>
  </reporter-output>
  <suite name="Suite" duration-ms="47" started-at="2024-03-12T06:34:26Z" finished-at="2024-03-12T06:34:26Z">
    <groups>
    </groups>
    <test name="Test" duration-ms="47" started-at="2024-03-12T06:34:26Z" finished-at="2024-03-12T06:34:26Z">
      <class name="princelearning.mavenjava.SeleniumTest">
        <test-method status="PASS" signature="BrowserAutomation()[pri:0, instance:princelearning.mavenjava.SeleniumTest@7219ec67]" name="BrowserAutomation" duration-ms="15" started-at="2024-03-12T12:04:26Z" finished-at="2024-03-12T12:04:26Z">
          <reporter-output>
          </reporter-output>
        </test-method> <!-- BrowserAutomation -->
        <test-method status="PASS" signature="elementsUI()[pri:0, instance:princelearning.mavenjava.SeleniumTest@7219ec67]" name="elementsUI" duration-ms="0" started-at="2024-03-12T12:04:26Z" finished-at="2024-03-12T12:04:26Z">
          <reporter-output>
          </reporter-output>
        </test-method> <!-- elementsUI -->
      </class> <!-- princelearning.mavenjava.SeleniumTest -->
    </test> <!-- Test -->
  </suite> <!-- Suite -->
</testng-results>
