<?xml version="1.0" encoding="UTF-8"?>
<testng-results skipped="0" failed="0" ignored="0" total="2" passed="2">
  <reporter-output>
  </reporter-output>
  <suite name="Suite" duration-ms="50" started-at="2024-03-13T13:28:33 IST" finished-at="2024-03-13T13:28:33 IST">
    <groups>
    </groups>
    <test name="Test" duration-ms="50" started-at="2024-03-13T13:28:33 IST" finished-at="2024-03-13T13:28:33 IST">
      <class name="princelearning.mavenjava.SeleniumTest">
        <test-method status="PASS" signature="BrowserAutomation()[pri:0, instance:princelearning.mavenjava.SeleniumTest@5bb21b69]" name="BrowserAutomation" duration-ms="15" started-at="2024-03-13T13:28:33 IST" finished-at="2024-03-13T13:28:33 IST">
          <reporter-output>
          </reporter-output>
        </test-method> <!-- BrowserAutomation -->
        <test-method status="PASS" signature="elementsUI()[pri:0, instance:princelearning.mavenjava.SeleniumTest@5bb21b69]" name="elementsUI" duration-ms="2" started-at="2024-03-13T13:28:33 IST" finished-at="2024-03-13T13:28:33 IST">
          <reporter-output>
          </reporter-output>
        </test-method> <!-- elementsUI -->
      </class> <!-- princelearning.mavenjava.SeleniumTest -->
    </test> <!-- Test -->
  </suite> <!-- Suite -->
</testng-results>
